<?xml version="1.0" encoding="UTF-8"?>
<testsuite name="ru.scb.java_edu.EquationTests" tests="6" skipped="0" failures="0" errors="0" timestamp="2021-08-04T15:40:29" hostname="DESKTOP-H8S46R1" time="0.01">
  <properties/>
  <testcase name="test0" classname="ru.scb.java_edu.EquationTests" time="0.005"/>
  <testcase name="test1" classname="ru.scb.java_edu.EquationTests" time="0.0"/>
  <testcase name="test2" classname="ru.scb.java_edu.EquationTests" time="0.0"/>
  <testcase name="testConstant" classname="ru.scb.java_edu.EquationTests" time="0.0"/>
  <testcase name="testLinear" classname="ru.scb.java_edu.EquationTests" time="0.0"/>
  <testcase name="testZero" classname="ru.scb.java_edu.EquationTests" time="0.0"/>
  <system-out><![CDATA[]]></system-out>
  <system-err><![CDATA[]]></system-err>
</testsuite>
