<?xml version="1.0" encoding="UTF-8"?>
<testsuite name="ru.scb.java_edu.SquareTests" tests="1" skipped="0" failures="0" errors="0" timestamp="2021-07-09T17:47:00" hostname="DESKTOP-H8S46R1" time="0.004">
  <properties/>
  <testcase name="testArea" classname="ru.scb.java_edu.SquareTests" time="0.004"/>
  <system-out><![CDATA[]]></system-out>
  <system-err><![CDATA[]]></system-err>
</testsuite>
