<?xml version="1.0" encoding="UTF-8"?>
<testsuite name="ru.scb.java_edu.addressbook.GroupCreationTests" tests="1" skipped="0" failures="0" errors="0" timestamp="2021-07-14T17:36:20" hostname="DESKTOP-H8S46R1" time="0.88">
  <properties/>
  <testcase name="testGroupCreation" classname="ru.scb.java_edu.addressbook.GroupCreationTests" time="0.88"/>
  <system-out><![CDATA[]]></system-out>
  <system-err><![CDATA[Starting ChromeDriver 91.0.4472.101 (af52a90bf87030dd1523486a1cd3ae25c5d76c9b-refs/branch-heads/4472@{#1462}) on port 9581
Only local connections are allowed.
Please see https://chromedriver.chromium.org/security-considerations for suggestions on keeping ChromeDriver safe.
ChromeDriver was started successfully.
июл. 14, 2021 9:36:18 PM org.openqa.selenium.remote.ProtocolHandshake createSession
INFO: Detected dialect: W3C
]]></system-err>
</testsuite>
