<?xml version="1.0" encoding="UTF-8"?>
<testsuite name="ru.scb.java_edu.addressbook.tests.ContactModificationTests" tests="1" skipped="0" failures="0" errors="0" timestamp="2021-07-29T18:53:18" hostname="DESKTOP-H8S46R1" time="3.629">
  <properties/>
  <testcase name="testUpdateContact" classname="ru.scb.java_edu.addressbook.tests.ContactModificationTests" time="3.629"/>
  <system-out><![CDATA[]]></system-out>
  <system-err><![CDATA[Starting ChromeDriver 92.0.4515.43 (8c61b7e2989f2990d42f859cac71319137787cce-refs/branch-heads/4515@{#306}) on port 17029
Only local connections are allowed.
Please see https://chromedriver.chromium.org/security-considerations for suggestions on keeping ChromeDriver safe.
ChromeDriver was started successfully.
июл. 29, 2021 10:53:17 PM org.openqa.selenium.remote.ProtocolHandshake createSession
INFO: Detected dialect: W3C
]]></system-err>
</testsuite>
